<?xml version="1.0" encoding="UTF-8"?>
<testng-results ignored="0" total="2" passed="2" failed="0" skipped="0">
  <reporter-output>
  </reporter-output>
  <suite started-at="2023-12-15T00:59:56Z" name="Default suite" finished-at="2023-12-15T01:00:00Z" duration-ms="3569">
    <groups>
    </groups>
    <test started-at="2023-12-15T00:59:56Z" name="Default test" finished-at="2023-12-15T01:00:00Z" duration-ms="3569">
      <class name="testData.DeleteOneProduct">
        <test-method signature="deleteOneProduct()[pri:1, instance:testData.DeleteOneProduct@7d286fb6]" started-at="2023-12-15T00:59:56Z" name="deleteOneProduct" finished-at="2023-12-15T01:00:00Z" duration-ms="3101" status="PASS">
          <reporter-output>
          </reporter-output>
        </test-method> <!-- deleteOneProduct -->
        <test-method signature="readSameProduct()[pri:2, instance:testData.DeleteOneProduct@7d286fb6]" started-at="2023-12-15T01:00:00Z" name="readSameProduct" finished-at="2023-12-15T01:00:00Z" duration-ms="432" status="PASS">
          <reporter-output>
          </reporter-output>
        </test-method> <!-- readSameProduct -->
      </class> <!-- testData.DeleteOneProduct -->
    </test> <!-- Default test -->
  </suite> <!-- Default suite -->
</testng-results>
